[
    {
        "Plan": {
            "Node Type": "Unique",
            "Parallel Aware": false,
            "Async Capable": false,
            "Startup Cost": 135.72,
            "Total Cost": 135.73,
            "Plan Rows": 1,
            "Plan Width": 58,
            "Actual Startup Time": 0.468,
            "Actual Total Time": 0.471,
            "Actual Rows": 2,
            "Actual Loops": 1,
            "Plans": [
                {
                    "Node Type": "Sort",
                    "Parent Relationship": "Outer",
                    "Parallel Aware": false,
                    "Async Capable": false,
                    "Startup Cost": 135.72,
                    "Total Cost": 135.73,
                    "Plan Rows": 1,
                    "Plan Width": 58,
                    "Actual Startup Time": 0.468,
                    "Actual Total Time": 0.469,
                    "Actual Rows": 2,
                    "Actual Loops": 1,
                    "Sort Key": [
                        "t_final.id"
                    ],
                    "Sort Method": "quicksort",
                    "Sort Space Used": 25,
                    "Sort Space Type": "Memory",
                    "Plans": [
                        {
                            "Node Type": "Nested Loop",
                            "Parent Relationship": "Outer",
                            "Parallel Aware": false,
                            "Async Capable": false,
                            "Join Type": "Inner",
                            "Startup Cost": 0.15,
                            "Total Cost": 135.71,
                            "Plan Rows": 1,
                            "Plan Width": 58,
                            "Actual Startup Time": 0.425,
                            "Actual Total Time": 0.445,
                            "Actual Rows": 2,
                            "Actual Loops": 1,
                            "Inner Unique": false,
                            "Join Filter": "st_within(t_final.geom, t1.geom)",
                            "Rows Removed by Join Filter": 8,
                            "Plans": [
                                {
                                    "Node Type": "Nested Loop",
                                    "Parent Relationship": "Outer",
                                    "Parallel Aware": false,
                                    "Async Capable": false,
                                    "Join Type": "Inner",
                                    "Startup Cost": 0.15,
                                    "Total Cost": 71.94,
                                    "Plan Rows": 1,
                                    "Plan Width": 32,
                                    "Actual Startup Time": 0.406,
                                    "Actual Total Time": 0.41,
                                    "Actual Rows": 1,
                                    "Actual Loops": 1,
                                    "Inner Unique": false,
                                    "Join Filter": "(((t1.id)::text <> (t2.id)::text) AND st_within(t1.geom, t2.geom))",
                                    "Rows Removed by Join Filter": 2,
                                    "Plans": [
                                        {
                                            "Node Type": "Index Scan",
                                            "Parent Relationship": "Outer",
                                            "Parallel Aware": false,
                                            "Async Capable": false,
                                            "Scan Direction": "Forward",
                                            "Index Name": "generated_geometries_pkey",
                                            "Relation Name": "generated_geometries",
                                            "Alias": "t2",
                                            "Startup Cost": 0.15,
                                            "Total Cost": 8.17,
                                            "Plan Rows": 1,
                                            "Plan Width": 90,
                                            "Actual Startup Time": 0.006,
                                            "Actual Total Time": 0.007,
                                            "Actual Rows": 1,
                                            "Actual Loops": 1,
                                            "Index Cond": "((id)::text = 'P2'::text)",
                                            "Rows Removed by Index Recheck": 0,
                                            "Filter": "((geom_type)::text = 'Polygon'::text)",
                                            "Rows Removed by Filter": 0
                                        },
                                        {
                                            "Node Type": "Seq Scan",
                                            "Parent Relationship": "Inner",
                                            "Parallel Aware": false,
                                            "Async Capable": false,
                                            "Relation Name": "generated_geometries",
                                            "Alias": "t1",
                                            "Startup Cost": 0.0,
                                            "Total Cost": 13.75,
                                            "Plan Rows": 2,
                                            "Plan Width": 90,
                                            "Actual Startup Time": 0.004,
                                            "Actual Total Time": 0.006,
                                            "Actual Rows": 3,
                                            "Actual Loops": 1,
                                            "Filter": "((geom_type)::text = 'Polygon'::text)",
                                            "Rows Removed by Filter": 11
                                        }
                                    ]
                                },
                                {
                                    "Node Type": "Seq Scan",
                                    "Parent Relationship": "Inner",
                                    "Parallel Aware": false,
                                    "Async Capable": false,
                                    "Relation Name": "generated_geometries",
                                    "Alias": "t_final",
                                    "Startup Cost": 0.0,
                                    "Total Cost": 13.75,
                                    "Plan Rows": 2,
                                    "Plan Width": 90,
                                    "Actual Startup Time": 0.005,
                                    "Actual Total Time": 0.007,
                                    "Actual Rows": 10,
                                    "Actual Loops": 1,
                                    "Filter": "((geom_type)::text = 'Point'::text)",
                                    "Rows Removed by Filter": 4
                                }
                            ]
                        }
                    ]
                }
            ]
        },
        "Planning Time": 22.061,
        "Triggers": [],
        "Execution Time": 0.565
    }
]