[
    {
        "Plan": {
            "Node Type": "Nested Loop",
            "Parallel Aware": false,
            "Async Capable": false,
            "Join Type": "Inner",
            "Startup Cost": 0.15,
            "Total Cost": 135.72,
            "Plan Rows": 1,
            "Plan Width": 58,
            "Actual Startup Time": 8.338,
            "Actual Total Time": 8.35,
            "Actual Rows": 2,
            "Actual Loops": 1,
            "Inner Unique": false,
            "Join Filter": "(((t_final.id)::text <> (t_bridge.id)::text) AND st_covers(t_bridge.geom, t_final.geom))",
            "Rows Removed by Join Filter": 8,
            "Plans": [
                {
                    "Node Type": "Nested Loop",
                    "Parent Relationship": "Outer",
                    "Parallel Aware": false,
                    "Async Capable": false,
                    "Join Type": "Inner",
                    "Startup Cost": 0.15,
                    "Total Cost": 71.94,
                    "Plan Rows": 1,
                    "Plan Width": 90,
                    "Actual Startup Time": 8.081,
                    "Actual Total Time": 8.084,
                    "Actual Rows": 1,
                    "Actual Loops": 1,
                    "Inner Unique": false,
                    "Join Filter": "(((t_bridge.id)::text <> (t_target.id)::text) AND st_covers(t_target.geom, t_bridge.geom))",
                    "Rows Removed by Join Filter": 3,
                    "Plans": [
                        {
                            "Node Type": "Index Scan",
                            "Parent Relationship": "Outer",
                            "Parallel Aware": false,
                            "Async Capable": false,
                            "Scan Direction": "Forward",
                            "Index Name": "generated_geometries_pkey",
                            "Relation Name": "generated_geometries",
                            "Alias": "t_target",
                            "Startup Cost": 0.15,
                            "Total Cost": 8.17,
                            "Plan Rows": 1,
                            "Plan Width": 90,
                            "Actual Startup Time": 0.016,
                            "Actual Total Time": 0.017,
                            "Actual Rows": 1,
                            "Actual Loops": 1,
                            "Index Cond": "((id)::text = 'P3'::text)",
                            "Rows Removed by Index Recheck": 0,
                            "Filter": "((geom_type)::text = 'Polygon'::text)",
                            "Rows Removed by Filter": 0
                        },
                        {
                            "Node Type": "Seq Scan",
                            "Parent Relationship": "Inner",
                            "Parallel Aware": false,
                            "Async Capable": false,
                            "Relation Name": "generated_geometries",
                            "Alias": "t_bridge",
                            "Startup Cost": 0.0,
                            "Total Cost": 13.75,
                            "Plan Rows": 2,
                            "Plan Width": 90,
                            "Actual Startup Time": 0.005,
                            "Actual Total Time": 0.007,
                            "Actual Rows": 4,
                            "Actual Loops": 1,
                            "Filter": "((geom_type)::text = 'Polygon'::text)",
                            "Rows Removed by Filter": 11
                        }
                    ]
                },
                {
                    "Node Type": "Seq Scan",
                    "Parent Relationship": "Inner",
                    "Parallel Aware": false,
                    "Async Capable": false,
                    "Relation Name": "generated_geometries",
                    "Alias": "t_final",
                    "Startup Cost": 0.0,
                    "Total Cost": 13.75,
                    "Plan Rows": 2,
                    "Plan Width": 90,
                    "Actual Startup Time": 0.011,
                    "Actual Total Time": 0.014,
                    "Actual Rows": 10,
                    "Actual Loops": 1,
                    "Filter": "((geom_type)::text = 'Point'::text)",
                    "Rows Removed by Filter": 5
                }
            ]
        },
        "Planning Time": 24.589,
        "Triggers": [],
        "Execution Time": 8.752
    }
]